The system is: Windows - 10.0.19045 - AMD64
Compiling the C compiler identification source file "CMakeCCompilerId.c" succeeded.
Compiler: C:/MinGW/bin/gcc.exe 
Build flags: 
Id flags:  

The output was:
0


Compilation of the C compiler identification source "CMakeCCompilerId.c" produced "a.exe"

The C compiler identification is GNU, found in "C:/Users/Owenp/Desktop/CPP-3D-Object-Renderer/build/CMakeFiles/3.23.1/CompilerIdC/a.exe"

Compiling the CXX compiler identification source file "CMakeCXXCompilerId.cpp" succeeded.
Compiler: C:/MinGW/bin/g++.exe 
Build flags: 
Id flags:  

The output was:
0


Compilation of the CXX compiler identification source "CMakeCXXCompilerId.cpp" produced "a.exe"

The CXX compiler identification is GNU, found in "C:/Users/Owenp/Desktop/CPP-3D-Object-Renderer/build/CMakeFiles/3.23.1/CompilerIdCXX/a.exe"

Determining if the C compiler works passed with the following output:
Change Dir: C:/Users/Owenp/Desktop/CPP-3D-Object-Renderer/build/CMakeFiles/CMakeTmp

Run Build Command(s):C:/MinGW/bin/mingw32-make.exe -f Makefile cmTC_565c8/fast && C:/MinGW/bin/mingw32-make.exe  -f CMakeFiles\cmTC_565c8.dir\build.make CMakeFiles/cmTC_565c8.dir/build
mingw32-make.exe[1]: Entering directory 'C:/Users/Owenp/Desktop/CPP-3D-Object-Renderer/build/CMakeFiles/CMakeTmp'
Building C object CMakeFiles/cmTC_565c8.dir/testCCompiler.c.obj
C:\MinGW\bin\gcc.exe    -o CMakeFiles\cmTC_565c8.dir\testCCompiler.c.obj -c C:\Users\Owenp\Desktop\CPP-3D-Object-Renderer\build\CMakeFiles\CMakeTmp\testCCompiler.c
Linking C executable cmTC_565c8.exe
"C:\Program Files\CMake\bin\cmake.exe" -E cmake_link_script CMakeFiles\cmTC_565c8.dir\link.txt --verbose=1
"C:\Program Files\CMake\bin\cmake.exe" -E rm -f CMakeFiles\cmTC_565c8.dir/objects.a
C:\MinGW\bin\ar.exe qc CMakeFiles\cmTC_565c8.dir/objects.a @CMakeFiles\cmTC_565c8.dir\objects1.rsp
C:\MinGW\bin\gcc.exe -Wl,--whole-archive CMakeFiles\cmTC_565c8.dir/objects.a -Wl,--no-whole-archive -o cmTC_565c8.exe -Wl,--out-implib,libcmTC_565c8.dll.a -Wl,--major-image-version,0,--minor-image-version,0 @CMakeFiles\cmTC_565c8.dir\linklibs.rsp
mingw32-make.exe[1]: Leaving directory 'C:/Users/Owenp/Desktop/CPP-3D-Object-Renderer/build/CMakeFiles/CMakeTmp'



Determining if the CXX compiler works passed with the following output:
Change Dir: C:/Users/Owenp/Desktop/CPP-3D-Object-Renderer/build/CMakeFiles/CMakeTmp

Run Build Command(s):C:/MinGW/bin/mingw32-make.exe -f Makefile cmTC_4c4cc/fast && C:/MinGW/bin/mingw32-make.exe  -f CMakeFiles\cmTC_4c4cc.dir\build.make CMakeFiles/cmTC_4c4cc.dir/build
mingw32-make.exe[1]: Entering directory 'C:/Users/Owenp/Desktop/CPP-3D-Object-Renderer/build/CMakeFiles/CMakeTmp'
Building CXX object CMakeFiles/cmTC_4c4cc.dir/testCXXCompiler.cxx.obj
C:\MinGW\bin\g++.exe    -o CMakeFiles\cmTC_4c4cc.dir\testCXXCompiler.cxx.obj -c C:\Users\Owenp\Desktop\CPP-3D-Object-Renderer\build\CMakeFiles\CMakeTmp\testCXXCompiler.cxx
Linking CXX executable cmTC_4c4cc.exe
"C:\Program Files\CMake\bin\cmake.exe" -E cmake_link_script CMakeFiles\cmTC_4c4cc.dir\link.txt --verbose=1
"C:\Program Files\CMake\bin\cmake.exe" -E rm -f CMakeFiles\cmTC_4c4cc.dir/objects.a
C:\MinGW\bin\ar.exe qc CMakeFiles\cmTC_4c4cc.dir/objects.a @CMakeFiles\cmTC_4c4cc.dir\objects1.rsp
C:\MinGW\bin\g++.exe -Wl,--whole-archive CMakeFiles\cmTC_4c4cc.dir/objects.a -Wl,--no-whole-archive -o cmTC_4c4cc.exe -Wl,--out-implib,libcmTC_4c4cc.dll.a -Wl,--major-image-version,0,--minor-image-version,0 @CMakeFiles\cmTC_4c4cc.dir\linklibs.rsp
mingw32-make.exe[1]: Leaving directory 'C:/Users/Owenp/Desktop/CPP-3D-Object-Renderer/build/CMakeFiles/CMakeTmp'



